<?xml version="1.0" encoding="UTF-8" ?>
<testsuites disabled="3" errors="0" failures="10" tests="129" time="117.062">
 <testsuite name="A new user should able to register" timestamp="2018-10-29T11:45:37" hostname="localhost" time="3.591" errors="0" tests="9" skipped="0" disabled="0" failures="1">
  <testcase classname="A new user should able to register" name="should navigate to the login page" time="1.714" />
  <testcase classname="A new user should able to register" name="allow user to click the register button" time="0.089" />
  <testcase classname="A new user should able to register" name="allow associate to enter a username" time="0.101" />
  <testcase classname="A new user should able to register" name="allow associate to enter a valid password" time="0.108" />
  <testcase classname="A new user should able to register" name="allow associate to re-enter a valid password" time="0.105" />
  <testcase classname="A new user should able to register" name="should allow associate to enter first name" time="0.099" />
  <testcase classname="A new user should able to register" name="should allow associate to enter last name" time="0.093" />
  <testcase classname="A new user should able to register" name="show allow associate to pick a role" time="0.083" />
  <testcase classname="A new user should able to register" name="should allow the user to register as an associate" time="0.256">
   <failure type="toContain" message="Expected &apos;Error: New Associate is not created!&apos; to contain &apos;Associate account creation successful.&apos;."><![CDATA[Error: Failed expectation
    at UserContext.<anonymous> (C:\Users\kakas\Desktop\Revature_Training\Projects\ProjectThree_Trackforce\trackforce\NGTrackForce\e2e\register-associate\register-associate.e2e-spec.ts:69:63)
    at C:\Users\kakas\AppData\Roaming\npm\node_modules\protractor\node_modules\jasminewd2\index.js:112:25
    at new ManagedPromise (C:\Users\kakas\AppData\Roaming\npm\node_modules\protractor\node_modules\selenium-webdriver\lib\promise.js:1077:7)
    at ControlFlow.promise (C:\Users\kakas\AppData\Roaming\npm\node_modules\protractor\node_modules\selenium-webdriver\lib\promise.js:2505:12)
    at schedulerExecute (C:\Users\kakas\AppData\Roaming\npm\node_modules\protractor\node_modules\jasminewd2\index.js:95:18)
    at TaskQueue.execute_ (C:\Users\kakas\AppData\Roaming\npm\node_modules\protractor\node_modules\selenium-webdriver\lib\promise.js:3084:14)
    at TaskQueue.executeNext_ (C:\Users\kakas\AppData\Roaming\npm\node_modules\protractor\node_modules\selenium-webdriver\lib\promise.js:3067:27)
    at asyncRun (C:\Users\kakas\AppData\Roaming\npm\node_modules\protractor\node_modules\selenium-webdriver\lib\promise.js:2974:25)
    at C:\Users\kakas\AppData\Roaming\npm\node_modules\protractor\node_modules\selenium-webdriver\lib\promise.js:668:7]]>
   </failure>
  </testcase>
 </testsuite>
 <testsuite name="A new user should not be able to register with a short username" timestamp="2018-10-29T11:45:41" hostname="localhost" time="1.051" errors="0" tests="2" skipped="0" disabled="0" failures="0">
  <testcase classname="A new user should not be able to register with a short username" name="allow associate to enter an invalid username" time="0.101" />
  <testcase classname="A new user should not be able to register with a short username" name="should not allow the user to register with an invalid username" time="0.115" />
 </testsuite>
 <testsuite name="A new user should not be able to register with a weak password" timestamp="2018-10-29T11:45:42" hostname="localhost" time="1.076" errors="0" tests="3" skipped="0" disabled="0" failures="0">
  <testcase classname="A new user should not be able to register with a weak password" name="allow associate to enter an invalid password" time="0.099" />
  <testcase classname="A new user should not be able to register with a weak password" name="allow associate to re-enter an invalid password" time="0.1" />
  <testcase classname="A new user should not be able to register with a weak password" name="should not allow the user to register with an invalid password" time="0.127" />
 </testsuite>
 <testsuite name="A new user should not be able to register with a mismatched paswords" timestamp="2018-10-29T11:45:43" hostname="localhost" time="1.144" errors="0" tests="2" skipped="0" disabled="0" failures="0">
  <testcase classname="A new user should not be able to register with a mismatched paswords" name="allow associate to enter an different password" time="0.091" />
  <testcase classname="A new user should not be able to register with a mismatched paswords" name="should not allow the user to register with an invalid username" time="0.117" />
 </testsuite>
 <testsuite name="A new user should not be able to register with a mismatched paswords" timestamp="2018-10-29T11:45:44" hostname="localhost" time="1.107" errors="0" tests="1" skipped="0" disabled="0" failures="0">
  <testcase classname="A new user should not be able to register with a mismatched paswords" name="should not allow the user to register without selecting a role " time="0.099" />
 </testsuite>
 <testsuite name="login page element existences" timestamp="2018-10-29T11:45:45" hostname="localhost" time="0.492" errors="0" tests="6" skipped="0" disabled="0" failures="0">
  <testcase classname="login page element existences" name="should have a username input box" time="0.006" />
  <testcase classname="login page element existences" name="should have a password input box" time="0.003" />
  <testcase classname="login page element existences" name="should have a login button" time="0.003" />
  <testcase classname="login page element existences" name="should display proper placeholder: Username" time="0.058" />
  <testcase classname="login page element existences" name="should display proper placeholder: Password" time="0.054" />
  <testcase classname="login page element existences" name="should display proper value for button" time="0.046" />
 </testsuite>
 <testsuite name="Confirm login failures" timestamp="2018-10-29T11:45:46" hostname="localhost" time="0.707" errors="0" tests="2" skipped="0" disabled="0" failures="1">
  <testcase classname="Confirm login failures" name="should fail to log in when nothing is entered" time="0.137" />
  <testcase classname="Confirm login failures" name="should fail to login when incorrect credentials are entered" time="0.322">
   <failure type="toContain" message="Expected &apos;The login service could not be reached&apos; to contain &apos;Invalid username and/or password&apos;."><![CDATA[Error: Failed expectation
    at UserContext.<anonymous> (C:\Users\kakas\Desktop\Revature_Training\Projects\ProjectThree_Trackforce\trackforce\NGTrackForce\e2e\login\login.e2e-spec.ts:70:43)
    at C:\Users\kakas\AppData\Roaming\npm\node_modules\protractor\node_modules\jasminewd2\index.js:112:25
    at new ManagedPromise (C:\Users\kakas\AppData\Roaming\npm\node_modules\protractor\node_modules\selenium-webdriver\lib\promise.js:1077:7)
    at ControlFlow.promise (C:\Users\kakas\AppData\Roaming\npm\node_modules\protractor\node_modules\selenium-webdriver\lib\promise.js:2505:12)
    at schedulerExecute (C:\Users\kakas\AppData\Roaming\npm\node_modules\protractor\node_modules\jasminewd2\index.js:95:18)
    at TaskQueue.execute_ (C:\Users\kakas\AppData\Roaming\npm\node_modules\protractor\node_modules\selenium-webdriver\lib\promise.js:3084:14)
    at TaskQueue.executeNext_ (C:\Users\kakas\AppData\Roaming\npm\node_modules\protractor\node_modules\selenium-webdriver\lib\promise.js:3067:27)
    at asyncRun (C:\Users\kakas\AppData\Roaming\npm\node_modules\protractor\node_modules\selenium-webdriver\lib\promise.js:2974:25)
    at C:\Users\kakas\AppData\Roaming\npm\node_modules\protractor\node_modules\selenium-webdriver\lib\promise.js:668:7]]>
   </failure>
  </testcase>
 </testsuite>
 <testsuite name="Login in with proper credentials" timestamp="2018-10-29T11:45:46" hostname="localhost" time="10.316" errors="0" tests="5" skipped="1" disabled="0" failures="5">
  <testcase classname="Login in with proper credentials" name="should be able to login in with admin credentials and reach the admin page" time="2.737">
   <failure type="toEqual" message="Expected &apos;http://ec2-34-227-178-103.compute-1.amazonaws.com:8090/NGTrackForce/login&apos; to equal &apos;http://ec2-34-227-178-103.compute-1.amazonaws.com:8090/NGTrackForce/app-home&apos;."><![CDATA[Error: Failed expectation
    at UserContext.<anonymous> (C:\Users\kakas\Desktop\Revature_Training\Projects\ProjectThree_Trackforce\trackforce\NGTrackForce\e2e\login\login.e2e-spec.ts:91:34)
    at C:\Users\kakas\AppData\Roaming\npm\node_modules\protractor\node_modules\jasminewd2\index.js:112:25
    at new ManagedPromise (C:\Users\kakas\AppData\Roaming\npm\node_modules\protractor\node_modules\selenium-webdriver\lib\promise.js:1077:7)
    at ControlFlow.promise (C:\Users\kakas\AppData\Roaming\npm\node_modules\protractor\node_modules\selenium-webdriver\lib\promise.js:2505:12)
    at schedulerExecute (C:\Users\kakas\AppData\Roaming\npm\node_modules\protractor\node_modules\jasminewd2\index.js:95:18)
    at TaskQueue.execute_ (C:\Users\kakas\AppData\Roaming\npm\node_modules\protractor\node_modules\selenium-webdriver\lib\promise.js:3084:14)
    at TaskQueue.executeNext_ (C:\Users\kakas\AppData\Roaming\npm\node_modules\protractor\node_modules\selenium-webdriver\lib\promise.js:3067:27)
    at asyncRun (C:\Users\kakas\AppData\Roaming\npm\node_modules\protractor\node_modules\selenium-webdriver\lib\promise.js:2974:25)
    at C:\Users\kakas\AppData\Roaming\npm\node_modules\protractor\node_modules\selenium-webdriver\lib\promise.js:668:7]]>
   </failure>
  </testcase>
  <testcase classname="Login in with proper credentials" name="should be able to login in with associate credentials and reach the associate page" time="0.001">
   <skipped message="Temporarily disabled with xit" />
  </testcase>
  <testcase classname="Login in with proper credentials" name="should be able to login in with Manager credentials and reach the Admin page" time="3.262">
   <failure type="toEqual" message="Expected &apos;http://ec2-34-227-178-103.compute-1.amazonaws.com:8090/NGTrackForce/login&apos; to equal &apos;http://ec2-34-227-178-103.compute-1.amazonaws.com:8090/NGTrackForce/app-home&apos;."><![CDATA[Error: Failed expectation
    at UserContext.<anonymous> (C:\Users\kakas\Desktop\Revature_Training\Projects\ProjectThree_Trackforce\trackforce\NGTrackForce\e2e\login\login.e2e-spec.ts:101:34)
    at C:\Users\kakas\AppData\Roaming\npm\node_modules\protractor\node_modules\jasminewd2\index.js:112:25
    at new ManagedPromise (C:\Users\kakas\AppData\Roaming\npm\node_modules\protractor\node_modules\selenium-webdriver\lib\promise.js:1077:7)
    at ControlFlow.promise (C:\Users\kakas\AppData\Roaming\npm\node_modules\protractor\node_modules\selenium-webdriver\lib\promise.js:2505:12)
    at schedulerExecute (C:\Users\kakas\AppData\Roaming\npm\node_modules\protractor\node_modules\jasminewd2\index.js:95:18)
    at TaskQueue.execute_ (C:\Users\kakas\AppData\Roaming\npm\node_modules\protractor\node_modules\selenium-webdriver\lib\promise.js:3084:14)
    at TaskQueue.executeNext_ (C:\Users\kakas\AppData\Roaming\npm\node_modules\protractor\node_modules\selenium-webdriver\lib\promise.js:3067:27)
    at asyncRun (C:\Users\kakas\AppData\Roaming\npm\node_modules\protractor\node_modules\selenium-webdriver\lib\promise.js:2974:25)
    at C:\Users\kakas\AppData\Roaming\npm\node_modules\protractor\node_modules\selenium-webdriver\lib\promise.js:668:7]]>
   </failure>
  </testcase>
  <testcase classname="Login in with proper credentials" name="should be able to login in with Trainer credentials and reach the Trainer page" time="2.319">
   <failure type="toEqual" message="Expected &apos;http://ec2-34-227-178-103.compute-1.amazonaws.com:8090/NGTrackForce/login&apos; to equal &apos;http://ec2-34-227-178-103.compute-1.amazonaws.com:8090/NGTrackForce/trainer-view&apos;."><![CDATA[Error: Failed expectation
    at UserContext.<anonymous> (C:\Users\kakas\Desktop\Revature_Training\Projects\ProjectThree_Trackforce\trackforce\NGTrackForce\e2e\login\login.e2e-spec.ts:106:34)
    at C:\Users\kakas\AppData\Roaming\npm\node_modules\protractor\node_modules\jasminewd2\index.js:112:25
    at new ManagedPromise (C:\Users\kakas\AppData\Roaming\npm\node_modules\protractor\node_modules\selenium-webdriver\lib\promise.js:1077:7)
    at ControlFlow.promise (C:\Users\kakas\AppData\Roaming\npm\node_modules\protractor\node_modules\selenium-webdriver\lib\promise.js:2505:12)
    at schedulerExecute (C:\Users\kakas\AppData\Roaming\npm\node_modules\protractor\node_modules\jasminewd2\index.js:95:18)
    at TaskQueue.execute_ (C:\Users\kakas\AppData\Roaming\npm\node_modules\protractor\node_modules\selenium-webdriver\lib\promise.js:3084:14)
    at TaskQueue.executeNext_ (C:\Users\kakas\AppData\Roaming\npm\node_modules\protractor\node_modules\selenium-webdriver\lib\promise.js:3067:27)
    at asyncRun (C:\Users\kakas\AppData\Roaming\npm\node_modules\protractor\node_modules\selenium-webdriver\lib\promise.js:2927:27)
    at C:\Users\kakas\AppData\Roaming\npm\node_modules\protractor\node_modules\selenium-webdriver\lib\promise.js:668:7]]>
   </failure>
   <failure type="exception" message="Failed: No element found using locator: By(xpath, //*[@id=&quot;navbarDropdown&quot;])"><![CDATA[NoSuchElementError: No element found using locator: By(xpath, //*[@id="navbarDropdown"])
    at elementArrayFinder.getWebElements.then (C:\Users\kakas\AppData\Roaming\npm\node_modules\protractor\built\element.js:814:27)
    at ManagedPromise.invokeCallback_ (C:\Users\kakas\AppData\Roaming\npm\node_modules\protractor\node_modules\selenium-webdriver\lib\promise.js:1376:14)
    at TaskQueue.execute_ (C:\Users\kakas\AppData\Roaming\npm\node_modules\protractor\node_modules\selenium-webdriver\lib\promise.js:3084:14)
    at TaskQueue.executeNext_ (C:\Users\kakas\AppData\Roaming\npm\node_modules\protractor\node_modules\selenium-webdriver\lib\promise.js:3067:27)
    at asyncRun (C:\Users\kakas\AppData\Roaming\npm\node_modules\protractor\node_modules\selenium-webdriver\lib\promise.js:2927:27)
    at C:\Users\kakas\AppData\Roaming\npm\node_modules\protractor\node_modules\selenium-webdriver\lib\promise.js:668:7
    at <anonymous>
    at process._tickCallback (internal/process/next_tick.js:189:7)Error
    at ElementArrayFinder.applyAction_ (C:\Users\kakas\AppData\Roaming\npm\node_modules\protractor\built\element.js:459:27)
    at ElementArrayFinder.(anonymous function).args [as click] (C:\Users\kakas\AppData\Roaming\npm\node_modules\protractor\built\element.js:91:29)
    at ElementFinder.(anonymous function).args [as click] (C:\Users\kakas\AppData\Roaming\npm\node_modules\protractor\built\element.js:831:22)
    at LoginPage.getlogoutButton (C:\Users\kakas\Desktop\Revature_Training\Projects\ProjectThree_Trackforce\trackforce\NGTrackForce\e2e\login\login.po.ts:43:52)
    at UserContext.<anonymous> (C:\Users\kakas\Desktop\Revature_Training\Projects\ProjectThree_Trackforce\trackforce\NGTrackForce\e2e\login\login.e2e-spec.ts:114:10)
    at C:\Users\kakas\AppData\Roaming\npm\node_modules\protractor\node_modules\jasminewd2\index.js:112:25
    at new ManagedPromise (C:\Users\kakas\AppData\Roaming\npm\node_modules\protractor\node_modules\selenium-webdriver\lib\promise.js:1077:7)
    at ControlFlow.promise (C:\Users\kakas\AppData\Roaming\npm\node_modules\protractor\node_modules\selenium-webdriver\lib\promise.js:2505:12)
    at schedulerExecute (C:\Users\kakas\AppData\Roaming\npm\node_modules\protractor\node_modules\jasminewd2\index.js:95:18)
    at TaskQueue.execute_ (C:\Users\kakas\AppData\Roaming\npm\node_modules\protractor\node_modules\selenium-webdriver\lib\promise.js:3084:14)
From: Task: Run afterEach in control flow
    at UserContext.<anonymous> (C:\Users\kakas\AppData\Roaming\npm\node_modules\protractor\node_modules\jasminewd2\index.js:94:19)
    at attempt (C:\Users\kakas\AppData\Roaming\npm\node_modules\protractor\node_modules\jasmine-core\lib\jasmine-core\jasmine.js:4297:26)
    at QueueRunner.run (C:\Users\kakas\AppData\Roaming\npm\node_modules\protractor\node_modules\jasmine-core\lib\jasmine-core\jasmine.js:4217:20)
    at runNext (C:\Users\kakas\AppData\Roaming\npm\node_modules\protractor\node_modules\jasmine-core\lib\jasmine-core\jasmine.js:4257:20)
    at C:\Users\kakas\AppData\Roaming\npm\node_modules\protractor\node_modules\jasmine-core\lib\jasmine-core\jasmine.js:4264:13
    at C:\Users\kakas\AppData\Roaming\npm\node_modules\protractor\node_modules\jasmine-core\lib\jasmine-core\jasmine.js:4172:9
    at C:\Users\kakas\AppData\Roaming\npm\node_modules\protractor\node_modules\jasminewd2\index.js:64:48
    at ControlFlow.emit (C:\Users\kakas\AppData\Roaming\npm\node_modules\protractor\node_modules\selenium-webdriver\lib\events.js:62:21)
    at ControlFlow.shutdown_ (C:\Users\kakas\AppData\Roaming\npm\node_modules\protractor\node_modules\selenium-webdriver\lib\promise.js:2674:10)
    at shutdownTask_.MicroTask (C:\Users\kakas\AppData\Roaming\npm\node_modules\protractor\node_modules\selenium-webdriver\lib\promise.js:2599:53)
From asynchronous test: 
Error
    at Suite.<anonymous> (C:\Users\kakas\Desktop\Revature_Training\Projects\ProjectThree_Trackforce\trackforce\NGTrackForce\e2e\login\login.e2e-spec.ts:113:3)
    at addSpecsToSuite (C:\Users\kakas\AppData\Roaming\npm\node_modules\protractor\node_modules\jasmine-core\lib\jasmine-core\jasmine.js:1107:25)
    at Env.describe (C:\Users\kakas\AppData\Roaming\npm\node_modules\protractor\node_modules\jasmine-core\lib\jasmine-core\jasmine.js:1074:7)
    at describe (C:\Users\kakas\AppData\Roaming\npm\node_modules\protractor\node_modules\jasmine-core\lib\jasmine-core\jasmine.js:4399:18)
    at Object.<anonymous> (C:\Users\kakas\Desktop\Revature_Training\Projects\ProjectThree_Trackforce\trackforce\NGTrackForce\e2e\login\login.e2e-spec.ts:80:1)
    at Module._compile (module.js:653:30)
    at Module.m._compile (C:\Users\kakas\Desktop\Revature_Training\Projects\ProjectThree_Trackforce\trackforce\NGTrackForce\node_modules\ts-node\src\index.ts:422:23)
    at Module._extensions..js (module.js:664:10)
    at Object.require.extensions.(anonymous function) [as .ts] (C:\Users\kakas\Desktop\Revature_Training\Projects\ProjectThree_Trackforce\trackforce\NGTrackForce\node_modules\ts-node\src\index.ts:425:12)]]>
   </failure>
  </testcase>
  <testcase classname="Login in with proper credentials" name="should be able to login in with Sales Team credentials and reach the Admin page" time="1.143">
   <failure type="exception" message="Failed: No element found using locator: By(css selector, *[name=&quot;username&quot;])"><![CDATA[NoSuchElementError: No element found using locator: By(css selector, *[name="username"])
    at elementArrayFinder.getWebElements.then (C:\Users\kakas\AppData\Roaming\npm\node_modules\protractor\built\element.js:814:27)
    at ManagedPromise.invokeCallback_ (C:\Users\kakas\AppData\Roaming\npm\node_modules\protractor\node_modules\selenium-webdriver\lib\promise.js:1376:14)
    at TaskQueue.execute_ (C:\Users\kakas\AppData\Roaming\npm\node_modules\protractor\node_modules\selenium-webdriver\lib\promise.js:3084:14)
    at TaskQueue.executeNext_ (C:\Users\kakas\AppData\Roaming\npm\node_modules\protractor\node_modules\selenium-webdriver\lib\promise.js:3067:27)
    at asyncRun (C:\Users\kakas\AppData\Roaming\npm\node_modules\protractor\node_modules\selenium-webdriver\lib\promise.js:2927:27)
    at C:\Users\kakas\AppData\Roaming\npm\node_modules\protractor\node_modules\selenium-webdriver\lib\promise.js:668:7
    at <anonymous>
    at process._tickCallback (internal/process/next_tick.js:189:7)Error
    at ElementArrayFinder.applyAction_ (C:\Users\kakas\AppData\Roaming\npm\node_modules\protractor\built\element.js:459:27)
    at ElementArrayFinder.(anonymous function).args [as sendKeys] (C:\Users\kakas\AppData\Roaming\npm\node_modules\protractor\built\element.js:91:29)
    at ElementFinder.(anonymous function).args [as sendKeys] (C:\Users\kakas\AppData\Roaming\npm\node_modules\protractor\built\element.js:831:22)
    at logIn (C:\Users\kakas\Desktop\Revature_Training\Projects\ProjectThree_Trackforce\trackforce\NGTrackForce\e2e\login\login.e2e-spec.ts:75:30)
    at UserContext.<anonymous> (C:\Users\kakas\Desktop\Revature_Training\Projects\ProjectThree_Trackforce\trackforce\NGTrackForce\e2e\login\login.e2e-spec.ts:110:5)
    at C:\Users\kakas\AppData\Roaming\npm\node_modules\protractor\node_modules\jasminewd2\index.js:112:25
    at new ManagedPromise (C:\Users\kakas\AppData\Roaming\npm\node_modules\protractor\node_modules\selenium-webdriver\lib\promise.js:1077:7)
    at ControlFlow.promise (C:\Users\kakas\AppData\Roaming\npm\node_modules\protractor\node_modules\selenium-webdriver\lib\promise.js:2505:12)
    at schedulerExecute (C:\Users\kakas\AppData\Roaming\npm\node_modules\protractor\node_modules\jasminewd2\index.js:95:18)
    at TaskQueue.execute_ (C:\Users\kakas\AppData\Roaming\npm\node_modules\protractor\node_modules\selenium-webdriver\lib\promise.js:3084:14)
From: Task: Run it("should be able to login in with Sales Team credentials and reach the Admin page") in control flow
    at UserContext.<anonymous> (C:\Users\kakas\AppData\Roaming\npm\node_modules\protractor\node_modules\jasminewd2\index.js:94:19)
    at attempt (C:\Users\kakas\AppData\Roaming\npm\node_modules\protractor\node_modules\jasmine-core\lib\jasmine-core\jasmine.js:4297:26)
    at QueueRunner.run (C:\Users\kakas\AppData\Roaming\npm\node_modules\protractor\node_modules\jasmine-core\lib\jasmine-core\jasmine.js:4217:20)
    at QueueRunner.execute (C:\Users\kakas\AppData\Roaming\npm\node_modules\protractor\node_modules\jasmine-core\lib\jasmine-core\jasmine.js:4199:10)
    at Spec.queueRunnerFactory (C:\Users\kakas\AppData\Roaming\npm\node_modules\protractor\node_modules\jasmine-core\lib\jasmine-core\jasmine.js:909:35)
    at Spec.execute (C:\Users\kakas\AppData\Roaming\npm\node_modules\protractor\node_modules\jasmine-core\lib\jasmine-core\jasmine.js:526:10)
    at UserContext.fn (C:\Users\kakas\AppData\Roaming\npm\node_modules\protractor\node_modules\jasmine-core\lib\jasmine-core\jasmine.js:5340:37)
    at attempt (C:\Users\kakas\AppData\Roaming\npm\node_modules\protractor\node_modules\jasmine-core\lib\jasmine-core\jasmine.js:4297:26)
    at QueueRunner.run (C:\Users\kakas\AppData\Roaming\npm\node_modules\protractor\node_modules\jasmine-core\lib\jasmine-core\jasmine.js:4217:20)
    at runNext (C:\Users\kakas\AppData\Roaming\npm\node_modules\protractor\node_modules\jasmine-core\lib\jasmine-core\jasmine.js:4257:20)
From asynchronous test: 
Error
    at Suite.<anonymous> (C:\Users\kakas\Desktop\Revature_Training\Projects\ProjectThree_Trackforce\trackforce\NGTrackForce\e2e\login\login.e2e-spec.ts:109:3)
    at addSpecsToSuite (C:\Users\kakas\AppData\Roaming\npm\node_modules\protractor\node_modules\jasmine-core\lib\jasmine-core\jasmine.js:1107:25)
    at Env.describe (C:\Users\kakas\AppData\Roaming\npm\node_modules\protractor\node_modules\jasmine-core\lib\jasmine-core\jasmine.js:1074:7)
    at describe (C:\Users\kakas\AppData\Roaming\npm\node_modules\protractor\node_modules\jasmine-core\lib\jasmine-core\jasmine.js:4399:18)
    at Object.<anonymous> (C:\Users\kakas\Desktop\Revature_Training\Projects\ProjectThree_Trackforce\trackforce\NGTrackForce\e2e\login\login.e2e-spec.ts:80:1)
    at Module._compile (module.js:653:30)
    at Module.m._compile (C:\Users\kakas\Desktop\Revature_Training\Projects\ProjectThree_Trackforce\trackforce\NGTrackForce\node_modules\ts-node\src\index.ts:422:23)
    at Module._extensions..js (module.js:664:10)
    at Object.require.extensions.(anonymous function) [as .ts] (C:\Users\kakas\Desktop\Revature_Training\Projects\ProjectThree_Trackforce\trackforce\NGTrackForce\node_modules\ts-node\src\index.ts:425:12)]]>
   </failure>
  </testcase>
 </testsuite>
 <testsuite name="The admin navbar is functional" timestamp="2018-10-29T11:45:57" hostname="localhost" time="9.194" errors="0" tests="8" skipped="0" disabled="0" failures="0">
  <testcase classname="The admin navbar is functional" name="should navigate to home page" time="2.423" />
  <testcase classname="The admin navbar is functional" name="should navigate to client list page" time="1.472" />
  <testcase classname="The admin navbar is functional" name="should navigate to batch list page" time="0.535" />
  <testcase classname="The admin navbar is functional" name="should navigate to associate lising" time="1.496" />
  <testcase classname="The admin navbar is functional" name="should navigate to predictions" time="1.348" />
  <testcase classname="The admin navbar is functional" name="should navigate to create user" time="0.3" />
  <testcase classname="The admin navbar is functional" name="should navigate to salesforce" time="0.31" />
  <testcase classname="The admin navbar is functional" name="should be able to logout" time="0.327" />
 </testsuite>
 <testsuite name="The Asscoiate navbar is functional" timestamp="2018-10-29T11:46:06" hostname="localhost" time="0.003" errors="0" tests="3" skipped="0" disabled="3" failures="0">
  <testcase classname="The Asscoiate navbar is functional" name="should navigate to home page" time="0.001">
   <skipped />
  </testcase>
  <testcase classname="The Asscoiate navbar is functional" name="should navigate to My Interviews" time="0">
   <skipped />
  </testcase>
  <testcase classname="The Asscoiate navbar is functional" name="should be able to logout" time="0.002">
   <skipped />
  </testcase>
 </testsuite>
 <testsuite name="The Staging Manager navbar is functional" timestamp="2018-10-29T11:46:06" hostname="localhost" time="8.203" errors="0" tests="7" skipped="0" disabled="0" failures="0">
  <testcase classname="The Staging Manager navbar is functional" name="should navigate to home page" time="2.451" />
  <testcase classname="The Staging Manager navbar is functional" name="should navigate to client list page" time="1.285" />
  <testcase classname="The Staging Manager navbar is functional" name="should navigate to batch list page" time="0.497" />
  <testcase classname="The Staging Manager navbar is functional" name="should navigate to associate lising" time="1.466" />
  <testcase classname="The Staging Manager navbar is functional" name="should navigate to predictions" time="1.388" />
  <testcase classname="The Staging Manager navbar is functional" name="should navigate to create user" time="0.184" />
  <testcase classname="The Staging Manager navbar is functional" name="should be able to logout" time="0.407" />
 </testsuite>
 <testsuite name="The Trainer navbar is functional" timestamp="2018-10-29T11:46:14" hostname="localhost" time="5.352" errors="0" tests="4" skipped="0" disabled="0" failures="0">
  <testcase classname="The Trainer navbar is functional" name="should navigate to home page" time="2.478" />
  <testcase classname="The Trainer navbar is functional" name="should navigate to batch list page" time="0.519" />
  <testcase classname="The Trainer navbar is functional" name="should navigate to associate lising" time="1.522" />
  <testcase classname="The Trainer navbar is functional" name="should be able to logout" time="0.309" />
 </testsuite>
 <testsuite name="The Delivery/Sales navbar is functional" timestamp="2018-10-29T11:46:20" hostname="localhost" time="7.946" errors="0" tests="7" skipped="0" disabled="0" failures="0">
  <testcase classname="The Delivery/Sales navbar is functional" name="should navigate to home page" time="2.406" />
  <testcase classname="The Delivery/Sales navbar is functional" name="should navigate to client list page" time="1.346" />
  <testcase classname="The Delivery/Sales navbar is functional" name="should navigate to batch list page" time="0.494" />
  <testcase classname="The Delivery/Sales navbar is functional" name="should navigate to associate lising" time="1.538" />
  <testcase classname="The Delivery/Sales navbar is functional" name="should navigate to predictions" time="1.207" />
  <testcase classname="The Delivery/Sales navbar is functional" name="should navigate to create user" time="0.185" />
  <testcase classname="The Delivery/Sales navbar is functional" name="should be able to logout" time="0.27" />
 </testsuite>
 <testsuite name="The create-user page " timestamp="2018-10-29T11:46:27" hostname="localhost" time="3.927" errors="0" tests="8" skipped="0" disabled="0" failures="0">
  <testcase classname="The create-user page " name="should accept username input" time="0.103" />
  <testcase classname="The create-user page " name="should accept password input" time="0.207" />
  <testcase classname="The create-user page " name="should accept password confirmation input" time="0.098" />
  <testcase classname="The create-user page " name="should select admin radio button" time="0.095" />
  <testcase classname="The create-user page " name="should select trainer radio button" time="0.103" />
  <testcase classname="The create-user page " name="should select associate radio button" time="0.15" />
  <testcase classname="The create-user page " name="should select staging manager radio button" time="0.108" />
  <testcase classname="The create-user page " name="should select delivery radio button" time="0.097" />
 </testsuite>
 <testsuite name="An Admin" timestamp="2018-10-29T11:46:31" hostname="localhost" time="4.164" errors="0" tests="5" skipped="4" disabled="0" failures="1">
  <testcase classname="An Admin" name="should be able to create an admin" time="0">
   <skipped message="Temporarily disabled with xit" />
  </testcase>
  <testcase classname="An Admin" name="should be able to create a trainer" time="3.149">
   <failure type="toContain" message="Expected &apos;Error: new user not created!&apos; to contain &apos;User created successfully&apos;."><![CDATA[Error: Failed expectation
    at UserContext.<anonymous> (C:\Users\kakas\Desktop\Revature_Training\Projects\ProjectThree_Trackforce\trackforce\NGTrackForce\e2e\create-user\create-user.e2e-spec.ts:103:49)
    at C:\Users\kakas\AppData\Roaming\npm\node_modules\protractor\node_modules\jasminewd2\index.js:112:25
    at new ManagedPromise (C:\Users\kakas\AppData\Roaming\npm\node_modules\protractor\node_modules\selenium-webdriver\lib\promise.js:1077:7)
    at ControlFlow.promise (C:\Users\kakas\AppData\Roaming\npm\node_modules\protractor\node_modules\selenium-webdriver\lib\promise.js:2505:12)
    at schedulerExecute (C:\Users\kakas\AppData\Roaming\npm\node_modules\protractor\node_modules\jasminewd2\index.js:95:18)
    at TaskQueue.execute_ (C:\Users\kakas\AppData\Roaming\npm\node_modules\protractor\node_modules\selenium-webdriver\lib\promise.js:3084:14)
    at TaskQueue.executeNext_ (C:\Users\kakas\AppData\Roaming\npm\node_modules\protractor\node_modules\selenium-webdriver\lib\promise.js:3067:27)
    at asyncRun (C:\Users\kakas\AppData\Roaming\npm\node_modules\protractor\node_modules\selenium-webdriver\lib\promise.js:2974:25)
    at C:\Users\kakas\AppData\Roaming\npm\node_modules\protractor\node_modules\selenium-webdriver\lib\promise.js:668:7]]>
   </failure>
  </testcase>
  <testcase classname="An Admin" name="should be able to create a associate" time="0.001">
   <skipped message="Temporarily disabled with xit" />
  </testcase>
  <testcase classname="An Admin" name="should be able to create a staging manager" time="0">
   <skipped message="Temporarily disabled with xit" />
  </testcase>
  <testcase classname="An Admin" name="should be able to create a delivery " time="0">
   <skipped message="Temporarily disabled with xit" />
  </testcase>
 </testsuite>
 <testsuite name="A Staging Manager" timestamp="2018-10-29T11:46:36" hostname="localhost" time="3.803" errors="0" tests="4" skipped="3" disabled="0" failures="1">
  <testcase classname="A Staging Manager" name="should be able to create a trainer" time="2.845">
   <failure type="exception" message="Failed: No element found using locator: By(css selector, body &gt; app-component &gt; div &gt; app-create-user &gt; form &gt; fieldset:nth-child(2) &gt; div)"><![CDATA[NoSuchElementError: No element found using locator: By(css selector, body > app-component > div > app-create-user > form > fieldset:nth-child(2) > div)
    at elementArrayFinder.getWebElements.then (C:\Users\kakas\AppData\Roaming\npm\node_modules\protractor\built\element.js:814:27)
    at ManagedPromise.invokeCallback_ (C:\Users\kakas\AppData\Roaming\npm\node_modules\protractor\node_modules\selenium-webdriver\lib\promise.js:1376:14)
    at TaskQueue.execute_ (C:\Users\kakas\AppData\Roaming\npm\node_modules\protractor\node_modules\selenium-webdriver\lib\promise.js:3084:14)
    at TaskQueue.executeNext_ (C:\Users\kakas\AppData\Roaming\npm\node_modules\protractor\node_modules\selenium-webdriver\lib\promise.js:3067:27)
    at asyncRun (C:\Users\kakas\AppData\Roaming\npm\node_modules\protractor\node_modules\selenium-webdriver\lib\promise.js:2927:27)
    at C:\Users\kakas\AppData\Roaming\npm\node_modules\protractor\node_modules\selenium-webdriver\lib\promise.js:668:7
    at <anonymous>
    at process._tickCallback (internal/process/next_tick.js:189:7)Error
    at ElementArrayFinder.applyAction_ (C:\Users\kakas\AppData\Roaming\npm\node_modules\protractor\built\element.js:459:27)
    at ElementArrayFinder.(anonymous function).args [as getText] (C:\Users\kakas\AppData\Roaming\npm\node_modules\protractor\built\element.js:91:29)
    at ElementFinder.(anonymous function).args [as getText] (C:\Users\kakas\AppData\Roaming\npm\node_modules\protractor\built\element.js:831:22)
    at UserContext.<anonymous> (C:\Users\kakas\Desktop\Revature_Training\Projects\ProjectThree_Trackforce\trackforce\NGTrackForce\e2e\create-user\create-user.e2e-spec.ts:153:38)
    at C:\Users\kakas\AppData\Roaming\npm\node_modules\protractor\node_modules\jasminewd2\index.js:112:25
    at new ManagedPromise (C:\Users\kakas\AppData\Roaming\npm\node_modules\protractor\node_modules\selenium-webdriver\lib\promise.js:1077:7)
    at ControlFlow.promise (C:\Users\kakas\AppData\Roaming\npm\node_modules\protractor\node_modules\selenium-webdriver\lib\promise.js:2505:12)
    at schedulerExecute (C:\Users\kakas\AppData\Roaming\npm\node_modules\protractor\node_modules\jasminewd2\index.js:95:18)
    at TaskQueue.execute_ (C:\Users\kakas\AppData\Roaming\npm\node_modules\protractor\node_modules\selenium-webdriver\lib\promise.js:3084:14)
    at TaskQueue.executeNext_ (C:\Users\kakas\AppData\Roaming\npm\node_modules\protractor\node_modules\selenium-webdriver\lib\promise.js:3067:27)
From: Task: Run it("should be able to create a trainer") in control flow
    at UserContext.<anonymous> (C:\Users\kakas\AppData\Roaming\npm\node_modules\protractor\node_modules\jasminewd2\index.js:94:19)
    at attempt (C:\Users\kakas\AppData\Roaming\npm\node_modules\protractor\node_modules\jasmine-core\lib\jasmine-core\jasmine.js:4297:26)
    at QueueRunner.run (C:\Users\kakas\AppData\Roaming\npm\node_modules\protractor\node_modules\jasmine-core\lib\jasmine-core\jasmine.js:4217:20)
    at runNext (C:\Users\kakas\AppData\Roaming\npm\node_modules\protractor\node_modules\jasmine-core\lib\jasmine-core\jasmine.js:4257:20)
    at C:\Users\kakas\AppData\Roaming\npm\node_modules\protractor\node_modules\jasmine-core\lib\jasmine-core\jasmine.js:4264:13
    at C:\Users\kakas\AppData\Roaming\npm\node_modules\protractor\node_modules\jasmine-core\lib\jasmine-core\jasmine.js:4172:9
    at C:\Users\kakas\AppData\Roaming\npm\node_modules\protractor\node_modules\jasminewd2\index.js:64:48
    at ControlFlow.emit (C:\Users\kakas\AppData\Roaming\npm\node_modules\protractor\node_modules\selenium-webdriver\lib\events.js:62:21)
    at ControlFlow.shutdown_ (C:\Users\kakas\AppData\Roaming\npm\node_modules\protractor\node_modules\selenium-webdriver\lib\promise.js:2674:10)
    at shutdownTask_.MicroTask (C:\Users\kakas\AppData\Roaming\npm\node_modules\protractor\node_modules\selenium-webdriver\lib\promise.js:2599:53)
From asynchronous test: 
Error
    at Suite.<anonymous> (C:\Users\kakas\Desktop\Revature_Training\Projects\ProjectThree_Trackforce\trackforce\NGTrackForce\e2e\create-user\create-user.e2e-spec.ts:150:5)
    at addSpecsToSuite (C:\Users\kakas\AppData\Roaming\npm\node_modules\protractor\node_modules\jasmine-core\lib\jasmine-core\jasmine.js:1107:25)
    at Env.describe (C:\Users\kakas\AppData\Roaming\npm\node_modules\protractor\node_modules\jasmine-core\lib\jasmine-core\jasmine.js:1074:7)
    at describe (C:\Users\kakas\AppData\Roaming\npm\node_modules\protractor\node_modules\jasmine-core\lib\jasmine-core\jasmine.js:4399:18)
    at Object.<anonymous> (C:\Users\kakas\Desktop\Revature_Training\Projects\ProjectThree_Trackforce\trackforce\NGTrackForce\e2e\create-user\create-user.e2e-spec.ts:129:1)
    at Module._compile (module.js:653:30)
    at Module.m._compile (C:\Users\kakas\Desktop\Revature_Training\Projects\ProjectThree_Trackforce\trackforce\NGTrackForce\node_modules\ts-node\src\index.ts:422:23)
    at Module._extensions..js (module.js:664:10)
    at Object.require.extensions.(anonymous function) [as .ts] (C:\Users\kakas\Desktop\Revature_Training\Projects\ProjectThree_Trackforce\trackforce\NGTrackForce\node_modules\ts-node\src\index.ts:425:12)]]>
   </failure>
  </testcase>
  <testcase classname="A Staging Manager" name="should be able to create a associate" time="0.001">
   <skipped message="Temporarily disabled with xit" />
  </testcase>
  <testcase classname="A Staging Manager" name="should be able to create a staging manager" time="0.002">
   <skipped message="Temporarily disabled with xit" />
  </testcase>
  <testcase classname="A Staging Manager" name="should be able to create a delivery " time="0">
   <skipped message="Temporarily disabled with xit" />
  </testcase>
 </testsuite>
 <testsuite name="A Sales Manager" timestamp="2018-10-29T11:46:39" hostname="localhost" time="3.991" errors="0" tests="4" skipped="3" disabled="0" failures="1">
  <testcase classname="A Sales Manager" name="should be able to create a trainer" time="2.997">
   <failure type="toContain" message="Expected &apos;Error: new user not created!&apos; to contain &apos;User created successfully&apos;."><![CDATA[Error: Failed expectation
    at UserContext.<anonymous> (C:\Users\kakas\Desktop\Revature_Training\Projects\ProjectThree_Trackforce\trackforce\NGTrackForce\e2e\create-user\create-user.e2e-spec.ts:203:49)
    at C:\Users\kakas\AppData\Roaming\npm\node_modules\protractor\node_modules\jasminewd2\index.js:112:25
    at new ManagedPromise (C:\Users\kakas\AppData\Roaming\npm\node_modules\protractor\node_modules\selenium-webdriver\lib\promise.js:1077:7)
    at ControlFlow.promise (C:\Users\kakas\AppData\Roaming\npm\node_modules\protractor\node_modules\selenium-webdriver\lib\promise.js:2505:12)
    at schedulerExecute (C:\Users\kakas\AppData\Roaming\npm\node_modules\protractor\node_modules\jasminewd2\index.js:95:18)
    at TaskQueue.execute_ (C:\Users\kakas\AppData\Roaming\npm\node_modules\protractor\node_modules\selenium-webdriver\lib\promise.js:3084:14)
    at TaskQueue.executeNext_ (C:\Users\kakas\AppData\Roaming\npm\node_modules\protractor\node_modules\selenium-webdriver\lib\promise.js:3067:27)
    at asyncRun (C:\Users\kakas\AppData\Roaming\npm\node_modules\protractor\node_modules\selenium-webdriver\lib\promise.js:2974:25)
    at C:\Users\kakas\AppData\Roaming\npm\node_modules\protractor\node_modules\selenium-webdriver\lib\promise.js:668:7]]>
   </failure>
  </testcase>
  <testcase classname="A Sales Manager" name="should be able to create a associate" time="0.001">
   <skipped message="Temporarily disabled with xit" />
  </testcase>
  <testcase classname="A Sales Manager" name="should be able to create a staging manager" time="0">
   <skipped message="Temporarily disabled with xit" />
  </testcase>
  <testcase classname="A Sales Manager" name="should be able to create a delivery " time="0">
   <skipped message="Temporarily disabled with xit" />
  </testcase>
 </testsuite>
 <testsuite name="A user" timestamp="2018-10-29T11:46:43" hostname="localhost" time="6.037" errors="0" tests="3" skipped="0" disabled="0" failures="0">
  <testcase classname="A user" name="should get an error if they use a sympol in their username" time="2.673" />
  <testcase classname="A user" name="should get an error if they enter in an invalid password in the first password box" time="1.256" />
  <testcase classname="A user" name="should get an error if they enter two different passwords" time="1.366" />
 </testsuite>
 <testsuite name="When an admin navigates to the client-list page it" timestamp="2018-10-29T11:46:49" hostname="localhost" time="7.781" errors="0" tests="9" skipped="0" disabled="0" failures="0">
  <testcase classname="When an admin navigates to the client-list page it" name="should navigate to the client-list page" time="3.635" />
  <testcase classname="When an admin navigates to the client-list page it" name="should accept username input" time="0.156" />
  <testcase classname="When an admin navigates to the client-list page it" name="should yield match for search input in one exists" time="0.04" />
  <testcase classname="When an admin navigates to the client-list page it" name="should yield a match for a search regardless of case" time="0.231" />
  <testcase classname="When an admin navigates to the client-list page it" name="should be able to click a searched for client" time="0.212" />
  <testcase classname="When an admin navigates to the client-list page it" name="should be able to click View Data for all Clients" time="2.217" />
  <testcase classname="When an admin navigates to the client-list page it" name="should yield a match for a search string with spaces" time="0.21" />
  <testcase classname="When an admin navigates to the client-list page it" name="should yield a match for search input if many results exist" time="0.187" />
  <testcase classname="When an admin navigates to the client-list page it" name="should yield no matches if none exist" time="0.166" />
 </testsuite>
 <testsuite name="When an Staging Manager navigates to the client-list page it" timestamp="2018-10-29T11:46:57" hostname="localhost" time="7.629" errors="0" tests="9" skipped="0" disabled="0" failures="0">
  <testcase classname="When an Staging Manager navigates to the client-list page it" name="should navigate to the client-list page" time="3.526" />
  <testcase classname="When an Staging Manager navigates to the client-list page it" name="should accept username input" time="0.142" />
  <testcase classname="When an Staging Manager navigates to the client-list page it" name="should yield match for search input if one exists" time="0.035" />
  <testcase classname="When an Staging Manager navigates to the client-list page it" name="should yield a match for a search regardless of case" time="0.201" />
  <testcase classname="When an Staging Manager navigates to the client-list page it" name="should be able to click a searched for client" time="0.211" />
  <testcase classname="When an Staging Manager navigates to the client-list page it" name="should be able to click View Data for all Clients" time="2.2" />
  <testcase classname="When an Staging Manager navigates to the client-list page it" name="should yield a match for a search string with spaces" time="0.197" />
  <testcase classname="When an Staging Manager navigates to the client-list page it" name="should yield a match for search input if many results exist" time="0.186" />
  <testcase classname="When an Staging Manager navigates to the client-list page it" name="should yield no matches if none exist" time="0.181" />
 </testsuite>
 <testsuite name="When an Delivery/Sales navigates to the client-list page it" timestamp="2018-10-29T11:47:05" hostname="localhost" time="7.435" errors="0" tests="9" skipped="0" disabled="0" failures="0">
  <testcase classname="When an Delivery/Sales navigates to the client-list page it" name="should navigate to the client-list page" time="3.588" />
  <testcase classname="When an Delivery/Sales navigates to the client-list page it" name="should accept username input" time="0.16" />
  <testcase classname="When an Delivery/Sales navigates to the client-list page it" name="should yield match for search input in one exists" time="0.03" />
  <testcase classname="When an Delivery/Sales navigates to the client-list page it" name="should yield a match for a search regardless of case" time="0.18" />
  <testcase classname="When an Delivery/Sales navigates to the client-list page it" name="should be able to click a searched for client" time="0.187" />
  <testcase classname="When an Delivery/Sales navigates to the client-list page it" name="should be able to click View Data for all Clients" time="2.012" />
  <testcase classname="When an Delivery/Sales navigates to the client-list page it" name="should yield a match for a search string with spaces" time="0.19" />
  <testcase classname="When an Delivery/Sales navigates to the client-list page it" name="should yield a match for search input if many results exist" time="0.177" />
  <testcase classname="When an Delivery/Sales navigates to the client-list page it" name="should yield no matches if none exist" time="0.172" />
 </testsuite>
 <testsuite name="the bactch-list tab" timestamp="2018-10-29T11:47:12" hostname="localhost" time="4.496" errors="0" tests="4" skipped="0" disabled="0" failures="0">
  <testcase classname="the bactch-list tab" name="should have a batch list table" time="0.359" />
  <testcase classname="the bactch-list tab" name="should have a start date input" time="0.973" />
  <testcase classname="the bactch-list tab" name="should have a end date input" time="0.023" />
  <testcase classname="the bactch-list tab" name="should have a pie cart" time="0.046" />
 </testsuite>
 <testsuite name="The All Batches table" timestamp="2018-10-29T11:47:17" hostname="localhost" time="5.864" errors="0" tests="3" skipped="0" disabled="0" failures="0">
  <testcase classname="The All Batches table" name="should direct you to a batch page" time="1.637" />
  <testcase classname="The All Batches table" name="should direct you to a batch page with a chart " time="1.1" />
  <testcase classname="The All Batches table" name="should direct you to a batch page with a table " time="0.031" />
 </testsuite>
 <testsuite name="When entering valid data into predictions filter it" timestamp="2018-10-29T11:47:23" hostname="localhost" time="4.408" errors="0" tests="5" skipped="0" disabled="0" failures="0">
  <testcase classname="When entering valid data into predictions filter it" name="should navigate to the predictions page" time="3.818" />
  <testcase classname="When entering valid data into predictions filter it" name="should allow user to input valid data" time="0.454" />
  <testcase classname="When entering valid data into predictions filter it" name="should provide a table with predictions" time="0.002" />
  <testcase classname="When entering valid data into predictions filter it" name="should provide the same number of rows entered into the filter" time="0.134" />
  <testcase classname="When entering valid data into predictions filter it" name="should provide details when prediction row is clicked" time="0" />
 </testsuite>
 <testsuite name="When entering valid data using all filters it" timestamp="2018-10-29T11:47:27" hostname="localhost" time="4.838" errors="0" tests="5" skipped="0" disabled="0" failures="0">
  <testcase classname="When entering valid data using all filters it" name="should navigate to the predictions page" time="2.121" />
  <testcase classname="When entering valid data using all filters it" name="should allow a user to input valid data and use all filters" time="2.539" />
  <testcase classname="When entering valid data using all filters it" name="should provide a table with predictions" time="0.002" />
  <testcase classname="When entering valid data using all filters it" name="should provide the same number of rows entered into the filter" time="0.155" />
  <testcase classname="When entering valid data using all filters it" name="should provide details when prediction row is clicked" time="0.001" />
 </testsuite>
 <testsuite name="When I enter a start date that is more current than the end date it" timestamp="2018-10-29T11:47:32" hostname="localhost" time="2.507" errors="0" tests="2" skipped="0" disabled="0" failures="0">
  <testcase classname="When I enter a start date that is more current than the end date it" name="should navigate to the predictions page" time="2.126" />
  <testcase classname="When I enter a start date that is more current than the end date it" name="should allow user to input a start date that is more current than the end date" time="0.378" />
 </testsuite>
</testsuites>